Fri Oct 07 01:00:54 Saved as file E:\MEDIAFIRE MINHNAMDTKN09SPKT\MEDIAFIRE\ONEDRIVE\MN PROJECT\HEART LED\HEART_LED\HEART_LED.MAX
Fri Oct 07 01:01:02 Saved as file E:\MEDIAFIRE MINHNAMDTKN09SPKT\MEDIAFIRE\ONEDRIVE\MN PROJECT\HEART LED\HEART_LED\HEART_LED 1.MAX
Fri Oct 07 01:03:10 Saved as file BACKUP1.MAX
Fri Oct 07 01:03:10 Saved as file E:\MEDIAFIRE MINHNAMDTKN09SPKT\MEDIAFIRE\ONEDRIVE\MN PROJECT\HEART LED\HEART_LED\HEART_LED 1.MAX
Fri Oct 07 01:03:12 UserDiv from Layout.INI for AutoECO: 60
Fri Oct 07 01:03:12 Loaded file E:\MEDIAFIRE MINHNAMDTKN09SPKT\MEDIAFIRE\ONEDRIVE\MN PROJECT\HEART LED\HEART_LED\HEART_LED 1.MAX
Fri Oct 07 01:03:13 Loaded file E:\MEDIAFIRE MINHNAMDTKN09SPKT\MEDIAFIRE\ONEDRIVE\MN PROJECT\RESOURES\ELIBRARY\LIBRARY_ORCAD10.5\LIB.DIP_MN.LLB
Fri Oct 07 01:03:13 Loaded file D:\ONEDRIVE\MN PROJECT\RESOURES\ELIBRARY\LIBRARY_ORCAD10.5\MN_THU VIEN ORCARD_STANDARD\LAYOUT_LIBBRARY_ORCAD9.2\MN_LIBRARY_ORCAD_STANDARD\DIP_MN_LIBRARY_ORCAD_STANDARD.LLB
Fri Oct 07 01:03:13 Loaded file D:\ONEDRIVE\MN PROJECT\RESOURES\ELIBRARY\LIBRARY_ORCAD10.5\MN_THU VIEN ORCARD_STANDARD\LAYOUT_LIBBRARY_ORCAD9.2\1.MN_DIP_LIBRARY ORCAD.LLB
Fri Oct 07 01:03:14 Loaded file D:\ONEDRIVE\MN PROJECT\RESOURES\ELIBRARY\LIBRARY_ORCAD10.5\LIB.SMD_MN.LLB
Fri Oct 07 01:03:14 Loaded file D:\ONEDRIVE\MN PROJECT\RESOURES\ELIBRARY\LIBRARY_ORCAD10.5\IR_ENDSTOP.LLB
Fri Oct 07 01:03:14 Loaded file D:\ONEDRIVE\MN PROJECT\RESOURES\ELIBRARY\LIBRARY_ORCAD10.5\LID-AI-OK.LLB
Fri Oct 07 01:03:14 Loaded file D:\ONEDRIVE\MN PROJECT\RESOURES\ELIBRARY\LIBRARY_ORCAD10.5\3D_PRINTER_GALVO.LLB
Fri Oct 07 01:03:14 Loaded file D:\ONEDRIVE\MN PROJECT\RESOURES\ELIBRARY\LIBRARY_ORCAD10.5\3D_PRINTER_FIX.LLB
Fri Oct 07 01:03:14 Loaded file D:\ONEDRIVE\MN PROJECT\RESOURES\ELIBRARY\LIBRARY_ORCAD10.5\3D_PRINTER.LLB
Fri Oct 07 01:03:15 Loaded file C:\Cadence\SPB_16.2\tools\Layout_Plus\library\BCON100T.llb
Fri Oct 07 01:03:15 Loaded file C:\Cadence\SPB_16.2\tools\Layout_Plus\library\BCON156T.llb
Fri Oct 07 01:03:15 Loaded file C:\Cadence\SPB_16.2\tools\Layout_Plus\library\BGA.llb
Fri Oct 07 01:03:15 Loaded file C:\Cadence\SPB_16.2\tools\Layout_Plus\library\CLCC.llb
Fri Oct 07 01:03:15 Loaded file C:\Cadence\SPB_16.2\tools\Layout_Plus\library\DCON050T.llb
Fri Oct 07 01:03:15 Loaded file C:\Cadence\SPB_16.2\tools\Layout_Plus\library\DCON085T.llb
Fri Oct 07 01:03:15 Loaded file C:\Cadence\SPB_16.2\tools\Layout_Plus\library\DIMM050F.llb
Fri Oct 07 01:03:15 Loaded file C:\Cadence\SPB_16.2\tools\Layout_Plus\library\DIMM050T.llb
Fri Oct 07 01:03:15 Loaded file C:\Cadence\SPB_16.2\tools\Layout_Plus\library\DIN.llb
Fri Oct 07 01:03:15 Loaded file C:\Cadence\SPB_16.2\tools\Layout_Plus\library\DIP100B.llb
Fri Oct 07 01:03:15 Loaded file C:\Cadence\SPB_16.2\tools\Layout_Plus\library\DIP100T.llb
Fri Oct 07 01:03:15 Loaded file C:\Cadence\SPB_16.2\tools\Layout_Plus\library\DSUBT.llb
Fri Oct 07 01:03:15 Loaded file C:\Cadence\SPB_16.2\tools\Layout_Plus\library\DSUBT_HD.LLB
Fri Oct 07 01:03:15 Loaded file C:\Cadence\SPB_16.2\tools\Layout_Plus\library\ECON100T.llb
Fri Oct 07 01:03:15 Loaded file C:\Cadence\SPB_16.2\tools\Layout_Plus\library\FBUS.llb
Fri Oct 07 01:03:15 Loaded file C:\Cadence\SPB_16.2\tools\Layout_Plus\library\ISA.llb
Fri Oct 07 01:03:15 Loaded file C:\Cadence\SPB_16.2\tools\Layout_Plus\library\JUMPER.LLB
Fri Oct 07 01:03:15 Loaded file C:\Cadence\SPB_16.2\tools\Layout_Plus\library\LAYOUT.llb
Fri Oct 07 01:03:15 Loaded file C:\Cadence\SPB_16.2\tools\Layout_Plus\library\LCON100T.llb
Fri Oct 07 01:03:15 Loaded file C:\Cadence\SPB_16.2\tools\Layout_Plus\library\PC104.llb
Fri Oct 07 01:03:15 Loaded file C:\Cadence\SPB_16.2\tools\Layout_Plus\library\PCI.llb
Fri Oct 07 01:03:15 Loaded file C:\Cadence\SPB_16.2\tools\Layout_Plus\library\PCON100T.llb
Fri Oct 07 01:03:15 Loaded file C:\Cadence\SPB_16.2\tools\Layout_Plus\library\PCON156T.llb
Fri Oct 07 01:03:15 Loaded file C:\Cadence\SPB_16.2\tools\Layout_Plus\library\PGA.llb
Fri Oct 07 01:03:15 Loaded file C:\Cadence\SPB_16.2\tools\Layout_Plus\library\PLCC.llb
Fri Oct 07 01:03:16 Loaded file C:\Cadence\SPB_16.2\tools\Layout_Plus\library\QUAD.llb
Fri Oct 07 01:03:16 Loaded file C:\Cadence\SPB_16.2\tools\Layout_Plus\library\QUADB.llb
Fri Oct 07 01:03:16 Loaded file C:\Cadence\SPB_16.2\tools\Layout_Plus\library\RELAY.llb
Fri Oct 07 01:03:16 Loaded file C:\Cadence\SPB_16.2\tools\Layout_Plus\library\RF.llb
Fri Oct 07 01:03:16 Loaded file C:\Cadence\SPB_16.2\tools\Layout_Plus\library\SBUS.llb
Fri Oct 07 01:03:16 Loaded file C:\Cadence\SPB_16.2\tools\Layout_Plus\library\SIMM050F.llb
Fri Oct 07 01:03:16 Loaded file C:\Cadence\SPB_16.2\tools\Layout_Plus\library\SIMM050T.llb
Fri Oct 07 01:03:16 Loaded file C:\Cadence\SPB_16.2\tools\Layout_Plus\library\SIMM100F.llb
Fri Oct 07 01:03:16 Loaded file C:\Cadence\SPB_16.2\tools\Layout_Plus\library\SIMM100T.llb
Fri Oct 07 01:03:16 Loaded file C:\Cadence\SPB_16.2\tools\Layout_Plus\library\SIP.llb
Fri Oct 07 01:03:16 Loaded file C:\Cadence\SPB_16.2\tools\Layout_Plus\library\SM.llb
Fri Oct 07 01:03:16 Loaded file C:\Cadence\SPB_16.2\tools\Layout_Plus\library\SOG.llb
Fri Oct 07 01:03:16 Loaded file C:\Cadence\SPB_16.2\tools\Layout_Plus\library\SOJ.llb
Fri Oct 07 01:03:16 Loaded file C:\Cadence\SPB_16.2\tools\Layout_Plus\library\STIFF.llb
Fri Oct 07 01:03:16 Loaded file C:\Cadence\SPB_16.2\tools\Layout_Plus\library\TELE.llb
Fri Oct 07 01:03:16 Loaded file C:\Cadence\SPB_16.2\tools\Layout_Plus\library\TM_AXIAL.llb
Fri Oct 07 01:03:16 Loaded file C:\Cadence\SPB_16.2\tools\Layout_Plus\library\TM_CAP_P.llb
Fri Oct 07 01:03:16 Loaded file C:\Cadence\SPB_16.2\tools\Layout_Plus\library\TM_CYLND.llb
Fri Oct 07 01:03:16 Loaded file C:\Cadence\SPB_16.2\tools\Layout_Plus\library\TM_DIODE.llb
Fri Oct 07 01:03:17 Loaded file C:\Cadence\SPB_16.2\tools\Layout_Plus\library\TM_DISC.llb
Fri Oct 07 01:03:17 Loaded file C:\Cadence\SPB_16.2\tools\Layout_Plus\library\TM_RAD.llb
Fri Oct 07 01:03:17 Loaded file C:\Cadence\SPB_16.2\tools\Layout_Plus\library\TO.llb
Fri Oct 07 01:03:17 Loaded file C:\Cadence\SPB_16.2\tools\Layout_Plus\library\TRAINING.LLB
Fri Oct 07 01:03:17 Loaded file C:\Cadence\SPB_16.2\tools\Layout_Plus\library\VRES.llb
Fri Oct 07 01:03:17 Loaded file C:\Cadence\SPB_16.2\tools\Layout_Plus\library\WCON100T.llb
Fri Oct 07 01:03:17 Loaded file C:\Cadence\SPB_16.2\tools\Layout_Plus\library\XT.llb
Fri Oct 07 01:03:17 Loaded file C:\Cadence\SPB_16.2\tools\Layout_Plus\library\ZIGZAG.llb
Fri Oct 07 01:03:17 Loaded file E:\MEDIAFIRE MINHNAMDTKN09SPKT\MEDIAFIRE\ONEDRIVE\MN PROJECT\RESOURES\ELIBRARY\LIBRARY_ORCAD10.5\LIB.DIP_MN.LLB
Fri Oct 07 01:03:19 Saved as file E:\MEDIAFIRE MINHNAMDTKN09SPKT\MEDIAFIRE\ONEDRIVE\MN PROJECT\HEART LED\HEART_LED\HEART_LED 1-1.MAX
Fri Oct 07 01:03:19 Loaded file E:\MEDIAFIRE MINHNAMDTKN09SPKT\MEDIAFIRE\ONEDRIVE\MN PROJECT\HEART LED\HEART_LED\HEART_LED 1-1.MAX
Fri Oct 07 01:03:32 Loaded file C:\CADENCE\SPB_16.2\TOOLS\LAYOUT_PLUS\data\template.imp
Fri Oct 07 01:03:32 Loaded file C:\CADENCE\SPB_16.2\TOOLS\LAYOUT_PLUS\data\template.imp
Fri Oct 07 01:03:32 Loaded file C:\CADENCE\SPB_16.2\TOOLS\LAYOUT_PLUS\data\template.imp
Fri Oct 07 01:03:32 Loaded file C:\CADENCE\SPB_16.2\TOOLS\LAYOUT_PLUS\data\template.imp
Fri Oct 07 01:03:34 Loaded file D:\ONEDRIVE\MN PROJECT\RESOURES\ELIBRARY\LIBRARY_ORCAD10.5\MN_THU VIEN ORCARD_STANDARD\LAYOUT_LIBBRARY_ORCAD9.2\1.MN_DIP_LIBRARY ORCAD.LLB
Fri Oct 07 01:03:35 Loaded file E:\MEDIAFIRE MINHNAMDTKN09SPKT\MEDIAFIRE\ONEDRIVE\MN PROJECT\RESOURES\ELIBRARY\LIBRARY_ORCAD10.5\LIB.DIP_MN.LLB
Fri Oct 07 01:03:48 Loaded file C:\CADENCE\SPB_16.2\TOOLS\LAYOUT_PLUS\data\template.imp
Fri Oct 07 01:03:51 Saved as file ~undo.max
Fri Oct 07 01:03:52 Saved as file ~undo.max
Fri Oct 07 01:04:00 Saved as file ~undo.max
Fri Oct 07 01:04:01 Saved as file ~undo.max
Fri Oct 07 01:04:37 Saved as file ~undo.max
Fri Oct 07 01:05:51 Saved as file ~undo.max
Fri Oct 07 01:07:22 Saved as file ~undo.max
Fri Oct 07 01:07:55 Saved as file ~undo.max
Fri Oct 07 01:08:07 Saved as file ~undo.max
Fri Oct 07 01:09:36 Saved as file ~undo.max
Fri Oct 07 01:10:01 Saved as file ~undo.max
Fri Oct 07 01:10:20 Saved as file BACKUP1.MAX
Fri Oct 07 01:10:57 Saved as file E:\MEDIAFIRE MINHNAMDTKN09SPKT\MEDIAFIRE\ONEDRIVE\MN PROJECT\HEART LED\HEART_LED\HEART_LED 1-1.MAX
Fri Oct 07 01:11:52 Saved as file ~undo.max
Fri Oct 07 01:14:17 Saved as file E:\MEDIAFIRE MINHNAMDTKN09SPKT\MEDIAFIRE\ONEDRIVE\MN PROJECT\HEART LED\HEART_LED\HEART_LED 1-1.MAX
Fri Oct 07 01:15:27 Saved as file ~undo.max
Fri Oct 07 01:16:14 Saved as file ~undo.max
Fri Oct 07 01:17:33 Saved as file ~undo.max
Fri Oct 07 01:18:09 Saved as file E:\MEDIAFIRE MINHNAMDTKN09SPKT\MEDIAFIRE\ONEDRIVE\MN PROJECT\HEART LED\HEART_LED\HEART_LED 1-1.MAX
Fri Oct 07 01:20:20 Saved as file BACKUP1.MAX
Fri Oct 07 01:24:12 Saved as file ~undo.max
Fri Oct 07 01:24:21 Saved as file ~undo.max
Fri Oct 07 01:25:16 Saved as file ~undo.max
Fri Oct 07 01:26:29 Saved as file E:\MEDIAFIRE MINHNAMDTKN09SPKT\MEDIAFIRE\ONEDRIVE\MN PROJECT\HEART LED\HEART_LED\HEART_LED 1-1.MAX
Fri Oct 07 01:27:02 Saved as file E:\MEDIAFIRE MINHNAMDTKN09SPKT\MEDIAFIRE\ONEDRIVE\MN PROJECT\HEART LED\HEART_LED\HEART_LED 1-1.MAX
Fri Oct 07 01:29:09 Saved as file E:\MEDIAFIRE MINHNAMDTKN09SPKT\MEDIAFIRE\ONEDRIVE\MN PROJECT\HEART LED\HEART_LED\HEART_LED 1-1.MAX
Fri Oct 07 01:29:51 Saved as file E:\MEDIAFIRE MINHNAMDTKN09SPKT\MEDIAFIRE\ONEDRIVE\MN PROJECT\HEART LED\HEART_LED\HEART_LED 1-1.MAX
Fri Oct 07 01:29:57 Saved as file E:\MEDIAFIRE MINHNAMDTKN09SPKT\MEDIAFIRE\ONEDRIVE\MN PROJECT\HEART LED\HEART_LED\HEART_LED 1-1.MAX
Fri Oct 07 01:30:05 Saved as file E:\MEDIAFIRE MINHNAMDTKN09SPKT\MEDIAFIRE\ONEDRIVE\MN PROJECT\HEART LED\HEART_LED\HEART_LED 1-1.MAX
Fri Oct 07 01:30:21 Saved as file BACKUP1.MAX
Fri Oct 07 01:30:27 Saved as file E:\MEDIAFIRE MINHNAMDTKN09SPKT\MEDIAFIRE\ONEDRIVE\MN PROJECT\HEART LED\HEART_LED\HEART_LED 1-1.MAX
Fri Oct 07 01:32:03 Saved as file E:\MEDIAFIRE MINHNAMDTKN09SPKT\MEDIAFIRE\ONEDRIVE\MN PROJECT\HEART LED\HEART_LED\HEART_LED 1-1.MAX
Fri Oct 07 01:32:21 Saved as file E:\MEDIAFIRE MINHNAMDTKN09SPKT\MEDIAFIRE\ONEDRIVE\MN PROJECT\HEART LED\HEART_LED\HEART_LED 1-1.MAX
Fri Oct 07 01:33:14 Saved as file E:\MEDIAFIRE MINHNAMDTKN09SPKT\MEDIAFIRE\ONEDRIVE\MN PROJECT\HEART LED\HEART_LED\HEART_LED 1-1.MAX
Fri Oct 07 01:33:37 Saved as file E:\MEDIAFIRE MINHNAMDTKN09SPKT\MEDIAFIRE\ONEDRIVE\MN PROJECT\HEART LED\HEART_LED\HEART_LED 1-1.MAX
Fri Oct 07 01:33:43 Saved as file E:\MEDIAFIRE MINHNAMDTKN09SPKT\MEDIAFIRE\ONEDRIVE\MN PROJECT\HEART LED\HEART_LED\HEART_LED 1-1.MAX
Fri Oct 07 01:33:54 Saved as file E:\MEDIAFIRE MINHNAMDTKN09SPKT\MEDIAFIRE\ONEDRIVE\MN PROJECT\HEART LED\HEART_LED\HEART_LED 1-1.MAX
Fri Oct 07 01:34:24 Saved as file E:\MEDIAFIRE MINHNAMDTKN09SPKT\MEDIAFIRE\ONEDRIVE\MN PROJECT\HEART LED\HEART_LED\HEART_LED 1-1.MAX
Fri Oct 07 01:34:45 Saved as file E:\MEDIAFIRE MINHNAMDTKN09SPKT\MEDIAFIRE\ONEDRIVE\MN PROJECT\HEART LED\HEART_LED\HEART_LED 1-1.MAX
Fri Oct 07 01:35:03 Saved as file E:\MEDIAFIRE MINHNAMDTKN09SPKT\MEDIAFIRE\ONEDRIVE\MN PROJECT\HEART LED\HEART_LED\HEART_LED-1.MAX
Fri Oct 07 18:49:31 Saved as file ~undo.max
Fri Oct 07 18:49:34 Loaded file C:\Cadence\SPB_16.2\tools\Layout_Plus\data\template.imp
Fri Oct 07 18:49:34 Loaded file C:\Cadence\SPB_16.2\tools\Layout_Plus\data\template.imp
Fri Oct 07 18:49:34 Loaded file C:\Cadence\SPB_16.2\tools\Layout_Plus\data\template.imp
Fri Oct 07 18:49:34 Loaded file C:\Cadence\SPB_16.2\tools\Layout_Plus\data\template.imp
Fri Oct 07 18:49:35 Loaded file E:\MEDIAFIRE MINHNAMDTKN09SPKT\MEDIAFIRE\ONEDRIVE\MN PROJECT\RESOURES\ELIBRARY\LIBRARY_ORCAD10.5\LIB.DIP_MN.LLB
Fri Oct 07 18:49:44 Loaded file C:\Cadence\SPB_16.2\tools\Layout_Plus\data\template.imp
Fri Oct 07 18:49:45 Loaded file C:\Cadence\SPB_16.2\tools\Layout_Plus\data\template.imp
Fri Oct 07 18:49:49 Saved as file ~undo.max
Fri Oct 07 18:49:53 Saved as file ~undo.max
Fri Oct 07 18:50:00 Saved as file ~undo.max
Fri Oct 07 18:50:02 Saved as file ~undo.max
Fri Oct 07 18:50:17 Saved as file ~undo.max
Fri Oct 07 18:50:25 Saved as file ~undo.max
Fri Oct 07 18:50:33 Saved as file ~undo.max
Fri Oct 07 18:50:40 Saved as file E:\MEDIAFIRE MINHNAMDTKN09SPKT\MEDIAFIRE\ONEDRIVE\MN PROJECT\HEART LED\HEART_LED\HEART_LED-1.MAX
Fri Oct 07 18:59:32 Saved as file BACKUP1.MAX
Fri Oct 07 19:09:32 Saved as file BACKUP1.MAX
Fri Oct 07 19:19:33 Saved as file BACKUP1.MAX
Fri Oct 07 19:29:33 Saved as file BACKUP1.MAX
Fri Oct 07 19:39:33 Saved as file BACKUP1.MAX
Fri Oct 07 19:49:33 Saved as file BACKUP1.MAX
Fri Oct 07 19:59:34 Saved as file BACKUP1.MAX
Fri Oct 07 20:05:31 Saved as file E:\MEDIAFIRE MINHNAMDTKN09SPKT\MEDIAFIRE\ONEDRIVE\MN PROJECT\HEART LED\HEART_LED\HEART_LED-1.MAX
Fri Oct 07 20:06:37 Saved as file E:\MEDIAFIRE MINHNAMDTKN09SPKT\MEDIAFIRE\ONEDRIVE\MN PROJECT\HEART LED\HEART_LED\HEART_LED-1.MAX
Fri Oct 07 20:09:34 Saved as file BACKUP1.MAX
Fri Oct 07 20:13:14 Saved as file E:\MEDIAFIRE MINHNAMDTKN09SPKT\MEDIAFIRE\ONEDRIVE\MN PROJECT\HEART LED\HEART_LED\HEART_LED-1.MAX
Fri Oct 07 20:14:44 Saved as file E:\MEDIAFIRE MINHNAMDTKN09SPKT\MEDIAFIRE\ONEDRIVE\MN PROJECT\HEART LED\HEART_LED\HEART_LED-1.MAX
Fri Oct 07 20:15:00 Saved as file E:\MEDIAFIRE MINHNAMDTKN09SPKT\MEDIAFIRE\ONEDRIVE\MN PROJECT\HEART LED\HEART_LED\HEART_LED-1.MAX
Fri Oct 07 20:15:17 Saved as file E:\MEDIAFIRE MINHNAMDTKN09SPKT\MEDIAFIRE\ONEDRIVE\MN PROJECT\HEART LED\HEART_LED\HEART_LED-1.MAX
Fri Oct 07 20:15:38 Saved as file E:\MEDIAFIRE MINHNAMDTKN09SPKT\MEDIAFIRE\ONEDRIVE\MN PROJECT\HEART LED\HEART_LED\HEART_LED-1.MAX
Fri Oct 07 20:16:29 Saved as file ~undo.max
Fri Oct 07 20:16:36 Saved as file E:\MEDIAFIRE MINHNAMDTKN09SPKT\MEDIAFIRE\ONEDRIVE\MN PROJECT\HEART LED\HEART_LED\HEART_LED-2.MAX
Fri Oct 07 20:16:46 Saved as file E:\MEDIAFIRE MINHNAMDTKN09SPKT\MEDIAFIRE\ONEDRIVE\MN PROJECT\HEART LED\HEART_LED\HEART_LED-2.MAX
Fri Oct 07 20:18:10 Saved as file E:\MEDIAFIRE MINHNAMDTKN09SPKT\MEDIAFIRE\ONEDRIVE\MN PROJECT\HEART LED\HEART_LED\HEART_LED-2.MAX
Fri Oct 07 20:18:37 Saved as file E:\MEDIAFIRE MINHNAMDTKN09SPKT\MEDIAFIRE\ONEDRIVE\MN PROJECT\HEART LED\HEART_LED\HEART_LED-2.MAX
Fri Oct 07 20:18:47 Saved as file E:\MEDIAFIRE MINHNAMDTKN09SPKT\MEDIAFIRE\ONEDRIVE\MN PROJECT\HEART LED\HEART_LED\HEART_LED-2.MAX
Fri Oct 07 20:18:55 Saved as file ~undo.max
Fri Oct 07 20:19:30 Saved as file E:\MEDIAFIRE MINHNAMDTKN09SPKT\MEDIAFIRE\ONEDRIVE\MN PROJECT\HEART LED\HEART_LED\HEART_LED-2.MAX
Fri Oct 07 20:20:34 Saved as file BACKUP1.MAX
Fri Oct 07 20:30:35 Saved as file BACKUP1.MAX
Fri Oct 07 20:32:41 Saved as file E:\MEDIAFIRE MINHNAMDTKN09SPKT\MEDIAFIRE\ONEDRIVE\MN PROJECT\HEART LED\HEART_LED\HEART_LED-2.MAX
Fri Oct 07 20:37:18 Saved as file E:\MEDIAFIRE MINHNAMDTKN09SPKT\MEDIAFIRE\ONEDRIVE\MN PROJECT\HEART LED\HEART_LED\HEART_LED-2.MAX
Fri Oct 07 20:37:30 Saved as file E:\MEDIAFIRE MINHNAMDTKN09SPKT\MEDIAFIRE\ONEDRIVE\MN PROJECT\HEART LED\HEART_LED\HEART_LED-2.MAX
Fri Oct 07 20:39:48 Saved as file E:\MEDIAFIRE MINHNAMDTKN09SPKT\MEDIAFIRE\ONEDRIVE\MN PROJECT\HEART LED\HEART_LED\HEART_LED-2.MAX
Fri Oct 07 20:40:21 Saved as file E:\MEDIAFIRE MINHNAMDTKN09SPKT\MEDIAFIRE\ONEDRIVE\MN PROJECT\HEART LED\HEART_LED\HEART_LED-3.MAX
Fri Oct 07 20:40:35 Saved as file BACKUP1.MAX
Fri Oct 07 20:40:58 Saved as file E:\MEDIAFIRE MINHNAMDTKN09SPKT\MEDIAFIRE\ONEDRIVE\MN PROJECT\HEART LED\HEART_LED\HEART_LED-3.MAX
Fri Oct 07 20:41:19 Saved as file E:\MEDIAFIRE MINHNAMDTKN09SPKT\MEDIAFIRE\ONEDRIVE\MN PROJECT\HEART LED\HEART_LED\HEART_LED-3.MAX
Fri Oct 07 20:41:38 Saved as file E:\MEDIAFIRE MINHNAMDTKN09SPKT\MEDIAFIRE\ONEDRIVE\MN PROJECT\HEART LED\HEART_LED\HEART_LED-3.MAX
Fri Oct 07 20:50:35 Saved as file BACKUP1.MAX
Fri Oct 07 21:00:36 Saved as file BACKUP1.MAX
Fri Oct 07 21:04:04 Saved as file E:\MEDIAFIRE MINHNAMDTKN09SPKT\MEDIAFIRE\ONEDRIVE\MN PROJECT\HEART LED\HEART_LED\HEART_LED-3.MAX
Fri Oct 07 21:10:36 Saved as file BACKUP1.MAX
Fri Oct 07 21:20:36 Saved as file BACKUP1.MAX
Fri Oct 07 21:30:36 Saved as file BACKUP1.MAX
Fri Oct 07 21:40:37 Saved as file BACKUP1.MAX
Fri Oct 07 21:50:37 Saved as file BACKUP1.MAX
Fri Oct 07 22:00:37 Saved as file BACKUP1.MAX
Fri Oct 07 22:10:38 Saved as file BACKUP1.MAX
Fri Oct 07 22:20:38 Saved as file BACKUP1.MAX
Fri Oct 07 22:30:38 Saved as file BACKUP1.MAX
Fri Oct 07 22:40:38 Saved as file BACKUP1.MAX
Fri Oct 07 22:50:39 Saved as file BACKUP1.MAX
Fri Oct 07 23:00:39 Saved as file BACKUP1.MAX
Fri Oct 07 23:10:39 Saved as file BACKUP1.MAX
Fri Oct 07 23:20:40 Saved as file BACKUP1.MAX
Fri Oct 07 23:30:40 Saved as file BACKUP1.MAX
Fri Oct 07 23:40:40 Saved as file BACKUP1.MAX
Fri Oct 07 23:50:41 Saved as file BACKUP1.MAX
Sat Oct 08 00:00:41 Saved as file BACKUP1.MAX
Sat Oct 08 00:10:41 Saved as file BACKUP1.MAX
Sat Oct 08 00:20:41 Saved as file BACKUP1.MAX
Sat Oct 08 00:30:42 Saved as file BACKUP1.MAX
Sat Oct 08 00:40:42 Saved as file BACKUP1.MAX
Sat Oct 08 00:50:42 Saved as file BACKUP1.MAX
Sat Oct 08 01:00:43 Saved as file BACKUP1.MAX
Sat Oct 08 01:10:43 Saved as file BACKUP1.MAX
Sat Oct 08 01:20:43 Saved as file BACKUP1.MAX
Sat Oct 08 01:30:43 Saved as file BACKUP1.MAX
Sat Oct 08 01:40:44 Saved as file BACKUP1.MAX
Sat Oct 08 01:50:44 Saved as file BACKUP1.MAX
Sat Oct 08 02:00:44 Saved as file BACKUP1.MAX
Sat Oct 08 02:10:45 Saved as file BACKUP1.MAX
Sat Oct 08 02:20:45 Saved as file BACKUP1.MAX
Sat Oct 08 02:30:45 Saved as file BACKUP1.MAX
Sat Oct 08 02:40:45 Saved as file BACKUP1.MAX
Sat Oct 08 02:50:46 Saved as file BACKUP1.MAX
Sat Oct 08 03:00:46 Saved as file BACKUP1.MAX
Sat Oct 08 03:10:46 Saved as file BACKUP1.MAX
Sat Oct 08 03:20:47 Saved as file BACKUP1.MAX
Sat Oct 08 03:30:47 Saved as file BACKUP1.MAX
Sat Oct 08 03:40:47 Saved as file BACKUP1.MAX
Sat Oct 08 03:50:48 Saved as file BACKUP1.MAX
Sat Oct 08 04:00:48 Saved as file BACKUP1.MAX
Mon Oct 10 17:09:15 Saved as file E:\MEDIAFIRE MINHNAMDTKN09SPKT\MEDIAFIRE\ONEDRIVE\MN PROJECT\HEART LED\HEART_LED\HEART_LED-3.MAX
Mon Oct 10 17:10:42 Saved as file E:\MEDIAFIRE MINHNAMDTKN09SPKT\MEDIAFIRE\ONEDRIVE\MN PROJECT\HEART LED\HEART_LED\HEART_LED-3.MAX
Mon Oct 10 17:10:52 Saved as file E:\MEDIAFIRE MINHNAMDTKN09SPKT\MEDIAFIRE\ONEDRIVE\MN PROJECT\HEART LED\HEART_LED\HEART_LED-3.MAX
Mon Oct 10 17:18:49 Saved as file BACKUP1.MAX
Mon Oct 10 17:27:49 Saved as file E:\MEDIAFIRE MINHNAMDTKN09SPKT\MEDIAFIRE\ONEDRIVE\MN PROJECT\HEART LED\HEART_LED\HEART_LED-3.MAX
Mon Oct 10 17:27:53 Saved as file E:\MEDIAFIRE MINHNAMDTKN09SPKT\MEDIAFIRE\ONEDRIVE\MN PROJECT\HEART LED\HEART_LED\HEART_LED-3.MAX
Mon Oct 10 17:28:32 Saved as file E:\MEDIAFIRE MINHNAMDTKN09SPKT\MEDIAFIRE\ONEDRIVE\MN PROJECT\HEART LED\HEART_LED\HEART_LED-4.MAX
Wed Oct 12 17:38:49 Saved as file BACKUP1.MAX
Wed Oct 12 17:48:49 Saved as file BACKUP1.MAX
Wed Oct 12 17:58:50 Saved as file BACKUP1.MAX
Wed Oct 12 18:08:50 Saved as file BACKUP1.MAX
Sat Oct 22 16:09:04 Saved as file ~undo.max
Sat Oct 22 16:11:56 Saved as file BACKUP1.MAX
Sat Oct 22 16:21:56 Saved as file BACKUP1.MAX
Sat Oct 22 16:31:56 Saved as file BACKUP1.MAX
Sat Oct 22 16:41:56 Saved as file BACKUP1.MAX
Sat Oct 22 16:51:57 Saved as file BACKUP1.MAX
Sat Oct 22 17:01:57 Saved as file BACKUP1.MAX
Sat Oct 22 17:11:57 Saved as file BACKUP1.MAX
Sat Oct 22 17:21:58 Saved as file BACKUP1.MAX
Sat Oct 22 17:31:58 Saved as file BACKUP1.MAX
Sat Oct 22 17:41:58 Saved as file BACKUP1.MAX
Sat Oct 22 17:51:58 Saved as file BACKUP1.MAX
Sat Oct 22 18:01:59 Saved as file BACKUP1.MAX
Sat Oct 22 18:11:59 Saved as file BACKUP1.MAX
Sat Oct 22 18:21:59 Saved as file BACKUP1.MAX
Sat Oct 22 18:32:00 Saved as file BACKUP1.MAX
Sat Oct 22 18:42:00 Saved as file BACKUP1.MAX
Sat Oct 22 18:52:00 Saved as file BACKUP1.MAX
Sat Oct 22 19:02:00 Saved as file BACKUP1.MAX
Sat Oct 22 19:12:01 Saved as file BACKUP1.MAX
Sat Oct 22 19:22:01 Saved as file BACKUP1.MAX
Sat Oct 22 19:32:01 Saved as file BACKUP1.MAX
Sat Oct 22 19:42:02 Saved as file BACKUP1.MAX
Sat Oct 22 19:52:02 Saved as file BACKUP1.MAX
Sat Oct 22 20:02:02 Saved as file BACKUP1.MAX
Sat Oct 22 20:12:02 Saved as file BACKUP1.MAX
Sat Oct 22 20:22:03 Saved as file BACKUP1.MAX
Sat Oct 22 20:32:03 Saved as file BACKUP1.MAX
Sat Oct 22 20:42:03 Saved as file BACKUP1.MAX
Sat Oct 22 20:52:04 Saved as file BACKUP1.MAX
Sat Oct 22 21:02:04 Saved as file BACKUP1.MAX
Sat Oct 22 21:12:04 Saved as file BACKUP1.MAX
Sat Oct 22 21:22:05 Saved as file BACKUP1.MAX
Sat Oct 22 21:32:05 Saved as file BACKUP1.MAX
Sat Oct 22 21:42:05 Saved as file BACKUP1.MAX
Sat Oct 22 21:52:05 Saved as file BACKUP1.MAX
Sat Oct 22 22:02:06 Saved as file BACKUP1.MAX
Sat Oct 22 22:12:06 Saved as file BACKUP1.MAX
Sat Oct 22 22:22:06 Saved as file BACKUP1.MAX
Sat Oct 22 22:32:07 Saved as file BACKUP1.MAX
Sat Oct 22 22:42:07 Saved as file BACKUP1.MAX
Sat Oct 22 22:52:07 Saved as file BACKUP1.MAX
Fri Nov 11 19:44:04 Saved as file BACKUP1.MAX
Fri Nov 11 19:54:04 Saved as file BACKUP1.MAX
Fri Nov 11 20:04:05 Saved as file BACKUP1.MAX
Fri Nov 11 20:14:05 Saved as file BACKUP1.MAX
Fri Nov 11 20:24:05 Saved as file BACKUP1.MAX
Fri Nov 11 20:34:05 Saved as file BACKUP1.MAX
Fri Nov 11 20:44:06 Saved as file BACKUP1.MAX
Fri Nov 11 20:54:06 Saved as file BACKUP1.MAX
Fri Nov 11 21:04:06 Saved as file BACKUP1.MAX
Fri Nov 11 21:14:07 Saved as file BACKUP1.MAX
Fri Nov 11 21:24:07 Saved as file BACKUP1.MAX
Fri Nov 11 21:34:07 Saved as file BACKUP1.MAX
Fri Nov 11 21:44:07 Saved as file BACKUP1.MAX
Fri Nov 11 21:54:08 Saved as file BACKUP1.MAX
Fri Nov 11 21:57:15 Saved as file E:\NAMVODATACLOUD\MN PROJECT\HEART LED\BOARD\HEART_LED\HEART_LED-4...MAX
